<?xml version="1.0" encoding="UTF-8"?>
<testsuite name="runner.TestRunner" time="0.009" tests="20" errors="0" skipped="0" failures="0">
  <properties>
[...]
</properties>
  <testcase name="Given Open chrome and start application" classname="| example@gmail.com | password1 |" time="0.007"/>
  <testcase name="When I enter valid &quot;example@gmail.com&quot; and valid &quot;password1&quot;" classname="| example@gmail.com | password1 |" time="0"/>
  <testcase name="Then user should be able to login successfully" classname="| example@gmail.com | password1 |" time="0"/>
  <testcase name="Then application should be closed" classname="| example@gmail.com | password1 |" time="0"/>
  <testcase name="| example@gmail.com | password1 |" classname="| example@gmail.com | password1 |" time="0.001"/>
  <testcase name="Given Open chrome and start application" classname="| example1@gmail.com | password2 |" time="0"/>
  <testcase name="When I enter valid &quot;example1@gmail.com&quot; and valid &quot;password2&quot;" classname="| example1@gmail.com | password2 |" time="0"/>
  <testcase name="Then user should be able to login successfully" classname="| example1@gmail.com | password2 |" time="0"/>
  <testcase name="Then application should be closed" classname="| example1@gmail.com | password2 |" time="0"/>
  <testcase name="| example1@gmail.com | password2 |" classname="| example1@gmail.com | password2 |" time="0"/>
  <testcase name="Given Open chrome and start application" classname="| example2@gmail.com | password3 |" time="0"/>
  <testcase name="When I enter valid &quot;example2@gmail.com&quot; and valid &quot;password3&quot;" classname="| example2@gmail.com | password3 |" time="0"/>
  <testcase name="Then user should be able to login successfully" classname="| example2@gmail.com | password3 |" time="0"/>
  <testcase name="Then application should be closed" classname="| example2@gmail.com | password3 |" time="0"/>
  <testcase name="| example2@gmail.com | password3 |" classname="| example2@gmail.com | password3 |" time="0"/>
  <testcase name="Given Open chrome and start application" classname="| example3@gmail.com | password4 |" time="0.001"/>
  <testcase name="When I enter valid &quot;example3@gmail.com&quot; and valid &quot;password4&quot;" classname="| example3@gmail.com | password4 |" time="0"/>
  <testcase name="Then user should be able to login successfully" classname="| example3@gmail.com | password4 |" time="0"/>
  <testcase name="Then application should be closed" classname="| example3@gmail.com | password4 |" time="0"/>
  <testcase name="| example3@gmail.com | password4 |" classname="| example3@gmail.com | password4 |" time="0"/>
</testsuite>