<?xml version="1.0" encoding="UTF-8"?>
<testng-results skipped="0" failed="0" ignored="0" total="1" passed="1">
  <reporter-output>
  </reporter-output>
  <suite name="Default suite" duration-ms="165969" started-at="2017-08-12T09:19:30Z" finished-at="2017-08-12T09:22:16Z">
    <groups>
    </groups>
    <test name="Default test" duration-ms="165969" started-at="2017-08-12T09:19:30Z" finished-at="2017-08-12T09:22:16Z">
      <class name="LoginTestNg">
        <test-method status="PASS" signature="setUp()[pri:0, instance:LoginTestNg@50c87b21]" name="setUp" is-config="true" duration-ms="110387" started-at="2017-08-12T02:19:30Z" finished-at="2017-08-12T02:21:20Z">
          <reporter-output>
          </reporter-output>
        </test-method> <!-- setUp -->
        <test-method status="PASS" signature="sideBarTest()[pri:1, instance:LoginTestNg@50c87b21]" name="sideBarTest" duration-ms="48199" started-at="2017-08-12T02:21:20Z" description="Testing for Side Bar functionality once logged into email" finished-at="2017-08-12T02:22:09Z">
          <reporter-output>
          </reporter-output>
        </test-method> <!-- sideBarTest -->
        <test-method status="PASS" signature="quit()[pri:0, instance:LoginTestNg@50c87b21]" name="quit" is-config="true" duration-ms="7286" started-at="2017-08-12T02:22:09Z" finished-at="2017-08-12T02:22:16Z">
          <reporter-output>
          </reporter-output>
        </test-method> <!-- quit -->
      </class> <!-- LoginTestNg -->
    </test> <!-- Default test -->
  </suite> <!-- Default suite -->
</testng-results>
